2021-02-03 12:35:59 INFO  Version:44 - HHH000412: Hibernate ORM core version 5.4.27.Final
2021-02-03 12:36:00 INFO  Version:56 - HCANN000001: Hibernate Commons Annotations {5.1.2.Final}
2021-02-03 12:36:01 INFO  Dialect:175 - HHH000400: Using dialect: org.hibernate.dialect.MySQL8Dialect
2021-02-03 12:36:02 INFO  Version:21 - HV000001: Hibernate Validator 6.2.0.Final
2021-02-03 12:36:04 INFO  JtaPlatformInitiator:52 - HHH000490: Using JtaPlatform implementation: [org.hibernate.engine.transaction.jta.platform.internal.NoJtaPlatform]
2021-02-03 12:36:05 INFO  Dialect:175 - HHH000400: Using dialect: org.hibernate.dialect.MySQL8Dialect
2021-02-03 12:36:05 INFO  JtaPlatformInitiator:52 - HHH000490: Using JtaPlatform implementation: [org.hibernate.engine.transaction.jta.platform.internal.NoJtaPlatform]
2021-02-03 16:10:39 INFO  Version:44 - HHH000412: Hibernate ORM core version 5.4.27.Final
2021-02-03 16:10:40 INFO  Version:56 - HCANN000001: Hibernate Commons Annotations {5.1.2.Final}
2021-02-03 16:10:41 INFO  Dialect:175 - HHH000400: Using dialect: org.hibernate.dialect.MySQL8Dialect
2021-02-03 16:10:42 INFO  Version:21 - HV000001: Hibernate Validator 6.2.0.Final
2021-02-03 16:10:44 INFO  JtaPlatformInitiator:52 - HHH000490: Using JtaPlatform implementation: [org.hibernate.engine.transaction.jta.platform.internal.NoJtaPlatform]
2021-02-03 16:19:19 INFO  Version:44 - HHH000412: Hibernate ORM core version 5.4.27.Final
2021-02-03 16:19:20 INFO  Version:56 - HCANN000001: Hibernate Commons Annotations {5.1.2.Final}
2021-02-03 16:19:21 INFO  Dialect:175 - HHH000400: Using dialect: org.hibernate.dialect.MySQL8Dialect
2021-02-03 16:19:22 INFO  Version:21 - HV000001: Hibernate Validator 6.2.0.Final
2021-02-03 16:19:23 INFO  JtaPlatformInitiator:52 - HHH000490: Using JtaPlatform implementation: [org.hibernate.engine.transaction.jta.platform.internal.NoJtaPlatform]
2021-02-03 21:43:41 INFO  Version:44 - HHH000412: Hibernate ORM core version 5.4.27.Final
2021-02-03 21:43:41 INFO  Version:56 - HCANN000001: Hibernate Commons Annotations {5.1.2.Final}
2021-02-03 21:43:42 INFO  Dialect:175 - HHH000400: Using dialect: org.hibernate.dialect.MySQL8Dialect
2021-02-03 21:43:43 INFO  Version:21 - HV000001: Hibernate Validator 6.2.0.Final
2021-02-03 21:43:45 INFO  JtaPlatformInitiator:52 - HHH000490: Using JtaPlatform implementation: [org.hibernate.engine.transaction.jta.platform.internal.NoJtaPlatform]
2021-02-04 11:23:58 INFO  Version:44 - HHH000412: Hibernate ORM core version 5.4.27.Final
2021-02-04 11:23:59 INFO  Version:56 - HCANN000001: Hibernate Commons Annotations {5.1.2.Final}
2021-02-04 11:24:00 INFO  Dialect:175 - HHH000400: Using dialect: org.hibernate.dialect.MySQL8Dialect
2021-02-04 11:24:01 INFO  Version:21 - HV000001: Hibernate Validator 6.2.0.Final
2021-02-04 11:24:03 INFO  JtaPlatformInitiator:52 - HHH000490: Using JtaPlatform implementation: [org.hibernate.engine.transaction.jta.platform.internal.NoJtaPlatform]
2021-02-04 11:24:05 INFO  Dialect:175 - HHH000400: Using dialect: org.hibernate.dialect.MySQL8Dialect
2021-02-04 11:24:06 INFO  JtaPlatformInitiator:52 - HHH000490: Using JtaPlatform implementation: [org.hibernate.engine.transaction.jta.platform.internal.NoJtaPlatform]
2021-02-04 11:38:43 INFO  Version:44 - HHH000412: Hibernate ORM core version 5.4.27.Final
2021-02-04 11:38:43 INFO  Version:56 - HCANN000001: Hibernate Commons Annotations {5.1.2.Final}
2021-02-04 11:38:44 INFO  Dialect:175 - HHH000400: Using dialect: org.hibernate.dialect.MySQL8Dialect
2021-02-04 11:38:45 INFO  Version:21 - HV000001: Hibernate Validator 6.2.0.Final
2021-02-04 11:38:47 INFO  JtaPlatformInitiator:52 - HHH000490: Using JtaPlatform implementation: [org.hibernate.engine.transaction.jta.platform.internal.NoJtaPlatform]
2021-02-04 11:38:49 INFO  Dialect:175 - HHH000400: Using dialect: org.hibernate.dialect.MySQL8Dialect
2021-02-04 11:38:49 INFO  JtaPlatformInitiator:52 - HHH000490: Using JtaPlatform implementation: [org.hibernate.engine.transaction.jta.platform.internal.NoJtaPlatform]
2021-02-04 11:42:31 INFO  Version:44 - HHH000412: Hibernate ORM core version 5.4.27.Final
2021-02-04 11:42:31 INFO  Version:56 - HCANN000001: Hibernate Commons Annotations {5.1.2.Final}
2021-02-04 11:42:32 INFO  Dialect:175 - HHH000400: Using dialect: org.hibernate.dialect.MySQL8Dialect
2021-02-04 11:42:33 INFO  Version:21 - HV000001: Hibernate Validator 6.2.0.Final
2021-02-04 11:42:35 INFO  JtaPlatformInitiator:52 - HHH000490: Using JtaPlatform implementation: [org.hibernate.engine.transaction.jta.platform.internal.NoJtaPlatform]
2021-02-04 11:42:37 INFO  Dialect:175 - HHH000400: Using dialect: org.hibernate.dialect.MySQL8Dialect
2021-02-04 11:42:37 INFO  JtaPlatformInitiator:52 - HHH000490: Using JtaPlatform implementation: [org.hibernate.engine.transaction.jta.platform.internal.NoJtaPlatform]
2021-02-04 11:43:55 INFO  Version:44 - HHH000412: Hibernate ORM core version 5.4.27.Final
2021-02-04 11:43:56 INFO  Version:56 - HCANN000001: Hibernate Commons Annotations {5.1.2.Final}
2021-02-04 11:43:57 INFO  Dialect:175 - HHH000400: Using dialect: org.hibernate.dialect.MySQL8Dialect
2021-02-04 11:43:58 INFO  Version:21 - HV000001: Hibernate Validator 6.2.0.Final
2021-02-04 11:43:59 INFO  JtaPlatformInitiator:52 - HHH000490: Using JtaPlatform implementation: [org.hibernate.engine.transaction.jta.platform.internal.NoJtaPlatform]
2021-02-04 11:44:01 INFO  Dialect:175 - HHH000400: Using dialect: org.hibernate.dialect.MySQL8Dialect
2021-02-04 11:44:01 INFO  JtaPlatformInitiator:52 - HHH000490: Using JtaPlatform implementation: [org.hibernate.engine.transaction.jta.platform.internal.NoJtaPlatform]
2021-02-04 12:00:46 INFO  Version:44 - HHH000412: Hibernate ORM core version 5.4.27.Final
2021-02-04 12:00:47 INFO  Version:56 - HCANN000001: Hibernate Commons Annotations {5.1.2.Final}
2021-02-04 12:00:48 INFO  Dialect:175 - HHH000400: Using dialect: org.hibernate.dialect.MySQL8Dialect
2021-02-04 12:00:49 INFO  Version:21 - HV000001: Hibernate Validator 6.2.0.Final
2021-02-04 12:00:51 INFO  JtaPlatformInitiator:52 - HHH000490: Using JtaPlatform implementation: [org.hibernate.engine.transaction.jta.platform.internal.NoJtaPlatform]
2021-02-04 12:00:53 INFO  Dialect:175 - HHH000400: Using dialect: org.hibernate.dialect.MySQL8Dialect
2021-02-04 12:00:53 INFO  JtaPlatformInitiator:52 - HHH000490: Using JtaPlatform implementation: [org.hibernate.engine.transaction.jta.platform.internal.NoJtaPlatform]
2021-02-04 12:02:54 INFO  Version:44 - HHH000412: Hibernate ORM core version 5.4.27.Final
2021-02-04 12:02:55 INFO  Version:56 - HCANN000001: Hibernate Commons Annotations {5.1.2.Final}
2021-02-04 12:02:56 INFO  Dialect:175 - HHH000400: Using dialect: org.hibernate.dialect.MySQL8Dialect
2021-02-04 12:02:57 INFO  Version:21 - HV000001: Hibernate Validator 6.2.0.Final
2021-02-04 12:02:59 INFO  JtaPlatformInitiator:52 - HHH000490: Using JtaPlatform implementation: [org.hibernate.engine.transaction.jta.platform.internal.NoJtaPlatform]
2021-02-04 12:03:02 INFO  Dialect:175 - HHH000400: Using dialect: org.hibernate.dialect.MySQL8Dialect
2021-02-04 12:03:03 INFO  JtaPlatformInitiator:52 - HHH000490: Using JtaPlatform implementation: [org.hibernate.engine.transaction.jta.platform.internal.NoJtaPlatform]
2021-02-04 12:08:08 INFO  Version:44 - HHH000412: Hibernate ORM core version 5.4.27.Final
2021-02-04 12:08:08 INFO  Version:56 - HCANN000001: Hibernate Commons Annotations {5.1.2.Final}
2021-02-04 12:08:09 INFO  Dialect:175 - HHH000400: Using dialect: org.hibernate.dialect.MySQL8Dialect
2021-02-04 12:08:10 INFO  Version:21 - HV000001: Hibernate Validator 6.2.0.Final
2021-02-04 12:08:12 INFO  JtaPlatformInitiator:52 - HHH000490: Using JtaPlatform implementation: [org.hibernate.engine.transaction.jta.platform.internal.NoJtaPlatform]
2021-02-04 12:08:14 INFO  Dialect:175 - HHH000400: Using dialect: org.hibernate.dialect.MySQL8Dialect
2021-02-04 12:08:14 INFO  JtaPlatformInitiator:52 - HHH000490: Using JtaPlatform implementation: [org.hibernate.engine.transaction.jta.platform.internal.NoJtaPlatform]
2021-02-04 12:10:03 INFO  Version:44 - HHH000412: Hibernate ORM core version 5.4.27.Final
2021-02-04 12:10:04 INFO  Version:56 - HCANN000001: Hibernate Commons Annotations {5.1.2.Final}
2021-02-04 12:10:05 INFO  Dialect:175 - HHH000400: Using dialect: org.hibernate.dialect.MySQL8Dialect
2021-02-04 12:10:06 INFO  Version:21 - HV000001: Hibernate Validator 6.2.0.Final
2021-02-04 12:10:08 INFO  JtaPlatformInitiator:52 - HHH000490: Using JtaPlatform implementation: [org.hibernate.engine.transaction.jta.platform.internal.NoJtaPlatform]
2021-02-04 12:10:09 INFO  Dialect:175 - HHH000400: Using dialect: org.hibernate.dialect.MySQL8Dialect
2021-02-04 12:10:10 INFO  JtaPlatformInitiator:52 - HHH000490: Using JtaPlatform implementation: [org.hibernate.engine.transaction.jta.platform.internal.NoJtaPlatform]
2021-02-04 12:18:51 INFO  Version:44 - HHH000412: Hibernate ORM core version 5.4.27.Final
2021-02-04 12:18:52 INFO  Version:56 - HCANN000001: Hibernate Commons Annotations {5.1.2.Final}
2021-02-04 12:18:53 INFO  Dialect:175 - HHH000400: Using dialect: org.hibernate.dialect.MySQL8Dialect
2021-02-04 12:18:54 INFO  Version:21 - HV000001: Hibernate Validator 6.2.0.Final
2021-02-04 12:18:55 INFO  JtaPlatformInitiator:52 - HHH000490: Using JtaPlatform implementation: [org.hibernate.engine.transaction.jta.platform.internal.NoJtaPlatform]
2021-02-04 12:18:57 INFO  Dialect:175 - HHH000400: Using dialect: org.hibernate.dialect.MySQL8Dialect
2021-02-04 12:18:57 INFO  JtaPlatformInitiator:52 - HHH000490: Using JtaPlatform implementation: [org.hibernate.engine.transaction.jta.platform.internal.NoJtaPlatform]
2021-02-04 12:36:37 INFO  Version:44 - HHH000412: Hibernate ORM core version 5.4.27.Final
2021-02-04 12:36:38 INFO  Version:56 - HCANN000001: Hibernate Commons Annotations {5.1.2.Final}
2021-02-04 12:36:39 INFO  Dialect:175 - HHH000400: Using dialect: org.hibernate.dialect.MySQL8Dialect
2021-02-04 12:36:40 INFO  Version:21 - HV000001: Hibernate Validator 6.2.0.Final
2021-02-04 12:36:42 INFO  JtaPlatformInitiator:52 - HHH000490: Using JtaPlatform implementation: [org.hibernate.engine.transaction.jta.platform.internal.NoJtaPlatform]
2021-02-04 12:36:44 INFO  Dialect:175 - HHH000400: Using dialect: org.hibernate.dialect.MySQL8Dialect
2021-02-04 12:36:44 INFO  JtaPlatformInitiator:52 - HHH000490: Using JtaPlatform implementation: [org.hibernate.engine.transaction.jta.platform.internal.NoJtaPlatform]
2021-02-04 12:38:01 INFO  Version:44 - HHH000412: Hibernate ORM core version 5.4.27.Final
2021-02-04 12:38:02 INFO  Version:56 - HCANN000001: Hibernate Commons Annotations {5.1.2.Final}
2021-02-04 12:38:03 INFO  Dialect:175 - HHH000400: Using dialect: org.hibernate.dialect.MySQL8Dialect
2021-02-04 12:38:04 INFO  Version:21 - HV000001: Hibernate Validator 6.2.0.Final
2021-02-04 12:38:05 INFO  JtaPlatformInitiator:52 - HHH000490: Using JtaPlatform implementation: [org.hibernate.engine.transaction.jta.platform.internal.NoJtaPlatform]
2021-02-04 12:38:07 INFO  Dialect:175 - HHH000400: Using dialect: org.hibernate.dialect.MySQL8Dialect
2021-02-04 12:38:08 INFO  JtaPlatformInitiator:52 - HHH000490: Using JtaPlatform implementation: [org.hibernate.engine.transaction.jta.platform.internal.NoJtaPlatform]
2021-02-04 12:41:21 INFO  Version:44 - HHH000412: Hibernate ORM core version 5.4.27.Final
2021-02-04 12:41:22 INFO  Version:56 - HCANN000001: Hibernate Commons Annotations {5.1.2.Final}
2021-02-04 12:41:23 INFO  Dialect:175 - HHH000400: Using dialect: org.hibernate.dialect.MySQL8Dialect
2021-02-04 12:41:23 INFO  Version:21 - HV000001: Hibernate Validator 6.2.0.Final
2021-02-04 12:41:25 INFO  JtaPlatformInitiator:52 - HHH000490: Using JtaPlatform implementation: [org.hibernate.engine.transaction.jta.platform.internal.NoJtaPlatform]
2021-02-04 12:41:27 INFO  Dialect:175 - HHH000400: Using dialect: org.hibernate.dialect.MySQL8Dialect
2021-02-04 12:41:27 INFO  JtaPlatformInitiator:52 - HHH000490: Using JtaPlatform implementation: [org.hibernate.engine.transaction.jta.platform.internal.NoJtaPlatform]
2021-02-04 12:55:06 INFO  Version:44 - HHH000412: Hibernate ORM core version 5.4.27.Final
2021-02-04 12:55:06 INFO  Version:56 - HCANN000001: Hibernate Commons Annotations {5.1.2.Final}
2021-02-04 12:55:07 INFO  Dialect:175 - HHH000400: Using dialect: org.hibernate.dialect.MySQL8Dialect
2021-02-04 12:55:08 INFO  Version:21 - HV000001: Hibernate Validator 6.2.0.Final
2021-02-04 12:55:10 INFO  JtaPlatformInitiator:52 - HHH000490: Using JtaPlatform implementation: [org.hibernate.engine.transaction.jta.platform.internal.NoJtaPlatform]
2021-02-04 12:55:12 INFO  Dialect:175 - HHH000400: Using dialect: org.hibernate.dialect.MySQL8Dialect
2021-02-04 12:55:12 INFO  JtaPlatformInitiator:52 - HHH000490: Using JtaPlatform implementation: [org.hibernate.engine.transaction.jta.platform.internal.NoJtaPlatform]
2021-02-04 12:55:24 INFO  DefaultLoadEventListener:116 - HHH000327: Error performing load command
org.hibernate.PropertyAccessException: Null value was assigned to a property [class com.moroz.entity.User.discount] of primitive type setter of com.moroz.entity.User.discount
	at org.hibernate.property.access.spi.SetterFieldImpl.set(SetterFieldImpl.java:58)
	at org.hibernate.tuple.entity.AbstractEntityTuplizer.setPropertyValues(AbstractEntityTuplizer.java:681)
	at org.hibernate.tuple.entity.PojoEntityTuplizer.setPropertyValues(PojoEntityTuplizer.java:144)
	at org.hibernate.persister.entity.AbstractEntityPersister.setPropertyValues(AbstractEntityPersister.java:5166)
	at org.hibernate.engine.internal.TwoPhaseLoad.initializeEntityFromEntityEntryLoadedState(TwoPhaseLoad.java:282)
	at org.hibernate.engine.internal.TwoPhaseLoad.initializeEntity(TwoPhaseLoad.java:183)
	at org.hibernate.engine.internal.TwoPhaseLoad.initializeEntity(TwoPhaseLoad.java:151)
	at org.hibernate.loader.plan.exec.process.internal.AbstractRowReader.performTwoPhaseLoad(AbstractRowReader.java:248)
	at org.hibernate.loader.plan.exec.process.internal.AbstractRowReader.finishUp(AbstractRowReader.java:208)
	at org.hibernate.loader.plan.exec.process.internal.ResultSetProcessorImpl.extractResults(ResultSetProcessorImpl.java:96)
	at org.hibernate.loader.plan.exec.internal.AbstractLoadPlanBasedLoader.executeLoad(AbstractLoadPlanBasedLoader.java:105)
	at org.hibernate.loader.entity.plan.AbstractLoadPlanBasedEntityLoader.load(AbstractLoadPlanBasedEntityLoader.java:285)
	at org.hibernate.persister.entity.AbstractEntityPersister.doLoad(AbstractEntityPersister.java:4442)
	at org.hibernate.persister.entity.AbstractEntityPersister.load(AbstractEntityPersister.java:4432)
	at org.hibernate.event.internal.DefaultLoadEventListener.loadFromDatasource(DefaultLoadEventListener.java:569)
	at org.hibernate.event.internal.DefaultLoadEventListener.doLoad(DefaultLoadEventListener.java:537)
	at org.hibernate.event.internal.DefaultLoadEventListener.load(DefaultLoadEventListener.java:208)
	at org.hibernate.event.internal.DefaultLoadEventListener.proxyOrLoad(DefaultLoadEventListener.java:332)
	at org.hibernate.event.internal.DefaultLoadEventListener.doOnLoad(DefaultLoadEventListener.java:108)
	at org.hibernate.event.internal.DefaultLoadEventListener.onLoad(DefaultLoadEventListener.java:74)
	at org.hibernate.event.service.internal.EventListenerGroupImpl.fireEventOnEachListener(EventListenerGroupImpl.java:113)
	at org.hibernate.internal.SessionImpl.fireLoadNoChecks(SessionImpl.java:1186)
	at org.hibernate.internal.SessionImpl.fireLoad(SessionImpl.java:1175)
	at org.hibernate.internal.SessionImpl.access$2100(SessionImpl.java:193)
	at org.hibernate.internal.SessionImpl$IdentifierLoadAccessImpl.doLoad(SessionImpl.java:2786)
	at org.hibernate.internal.SessionImpl$IdentifierLoadAccessImpl.lambda$load$1(SessionImpl.java:2767)
	at org.hibernate.internal.SessionImpl$IdentifierLoadAccessImpl.perform(SessionImpl.java:2723)
	at org.hibernate.internal.SessionImpl$IdentifierLoadAccessImpl.load(SessionImpl.java:2767)
	at org.hibernate.internal.SessionImpl.get(SessionImpl.java:983)
	at com.moroz.dao.UserDaoImpl.getUserByLogin(UserDaoImpl.java:63)
	at com.moroz.service.UserServiceImpl.getUserByLogin(UserServiceImpl.java:67)
	at sun.reflect.NativeMethodAccessorImpl.invoke0(Native Method)
	at sun.reflect.NativeMethodAccessorImpl.invoke(NativeMethodAccessorImpl.java:62)
	at sun.reflect.DelegatingMethodAccessorImpl.invoke(DelegatingMethodAccessorImpl.java:43)
	at java.lang.reflect.Method.invoke(Method.java:498)
	at org.springframework.aop.support.AopUtils.invokeJoinpointUsingReflection(AopUtils.java:343)
	at org.springframework.aop.framework.ReflectiveMethodInvocation.invokeJoinpoint(ReflectiveMethodInvocation.java:198)
	at org.springframework.aop.framework.ReflectiveMethodInvocation.proceed(ReflectiveMethodInvocation.java:163)
	at org.springframework.transaction.interceptor.TransactionAspectSupport.invokeWithinTransaction(TransactionAspectSupport.java:295)
	at org.springframework.transaction.interceptor.TransactionInterceptor.invoke(TransactionInterceptor.java:98)
	at org.springframework.aop.framework.ReflectiveMethodInvocation.proceed(ReflectiveMethodInvocation.java:186)
	at org.springframework.aop.framework.JdkDynamicAopProxy.invoke(JdkDynamicAopProxy.java:212)
	at com.sun.proxy.$Proxy55.getUserByLogin(Unknown Source)
	at com.moroz.service.UserDetailsServiceImpl.loadUserByUsername(UserDetailsServiceImpl.java:33)
	at sun.reflect.NativeMethodAccessorImpl.invoke0(Native Method)
	at sun.reflect.NativeMethodAccessorImpl.invoke(NativeMethodAccessorImpl.java:62)
	at sun.reflect.DelegatingMethodAccessorImpl.invoke(DelegatingMethodAccessorImpl.java:43)
	at java.lang.reflect.Method.invoke(Method.java:498)
	at org.springframework.aop.support.AopUtils.invokeJoinpointUsingReflection(AopUtils.java:343)
	at org.springframework.aop.framework.ReflectiveMethodInvocation.invokeJoinpoint(ReflectiveMethodInvocation.java:198)
	at org.springframework.aop.framework.ReflectiveMethodInvocation.proceed(ReflectiveMethodInvocation.java:163)
	at org.springframework.transaction.interceptor.TransactionAspectSupport.invokeWithinTransaction(TransactionAspectSupport.java:295)
	at org.springframework.transaction.interceptor.TransactionInterceptor.invoke(TransactionInterceptor.java:98)
	at org.springframework.aop.framework.ReflectiveMethodInvocation.proceed(ReflectiveMethodInvocation.java:186)
	at org.springframework.aop.framework.JdkDynamicAopProxy.invoke(JdkDynamicAopProxy.java:212)
	at com.sun.proxy.$Proxy56.loadUserByUsername(Unknown Source)
	at org.springframework.security.authentication.dao.DaoAuthenticationProvider.retrieveUser(DaoAuthenticationProvider.java:108)
	at org.springframework.security.authentication.dao.AbstractUserDetailsAuthenticationProvider.authenticate(AbstractUserDetailsAuthenticationProvider.java:144)
	at org.springframework.security.authentication.ProviderManager.authenticate(ProviderManager.java:175)
	at org.springframework.security.authentication.ProviderManager.authenticate(ProviderManager.java:200)
	at org.springframework.security.web.authentication.UsernamePasswordAuthenticationFilter.attemptAuthentication(UsernamePasswordAuthenticationFilter.java:94)
	at org.springframework.security.web.authentication.AbstractAuthenticationProcessingFilter.doFilter(AbstractAuthenticationProcessingFilter.java:212)
	at org.springframework.security.web.FilterChainProxy$VirtualFilterChain.doFilter(FilterChainProxy.java:334)
	at org.springframework.security.web.authentication.logout.LogoutFilter.doFilter(LogoutFilter.java:116)
	at org.springframework.security.web.FilterChainProxy$VirtualFilterChain.doFilter(FilterChainProxy.java:334)
	at org.springframework.security.web.header.HeaderWriterFilter.doFilterInternal(HeaderWriterFilter.java:74)
	at org.springframework.web.filter.OncePerRequestFilter.doFilter(OncePerRequestFilter.java:119)
	at org.springframework.security.web.FilterChainProxy$VirtualFilterChain.doFilter(FilterChainProxy.java:334)
	at org.springframework.security.web.context.SecurityContextPersistenceFilter.doFilter(SecurityContextPersistenceFilter.java:105)
	at org.springframework.security.web.FilterChainProxy$VirtualFilterChain.doFilter(FilterChainProxy.java:334)
	at org.springframework.security.web.context.request.async.WebAsyncManagerIntegrationFilter.doFilterInternal(WebAsyncManagerIntegrationFilter.java:56)
	at org.springframework.web.filter.OncePerRequestFilter.doFilter(OncePerRequestFilter.java:119)
	at org.springframework.security.web.FilterChainProxy$VirtualFilterChain.doFilter(FilterChainProxy.java:334)
	at org.springframework.security.web.FilterChainProxy.doFilterInternal(FilterChainProxy.java:215)
	at org.springframework.security.web.FilterChainProxy.doFilter(FilterChainProxy.java:178)
	at org.springframework.web.filter.DelegatingFilterProxy.invokeDelegate(DelegatingFilterProxy.java:358)
	at org.springframework.web.filter.DelegatingFilterProxy.doFilter(DelegatingFilterProxy.java:271)
	at org.apache.catalina.core.ApplicationFilterChain.internalDoFilter(ApplicationFilterChain.java:193)
	at org.apache.catalina.core.ApplicationFilterChain.doFilter(ApplicationFilterChain.java:166)
	at org.apache.catalina.core.StandardWrapperValve.invoke(StandardWrapperValve.java:202)
	at org.apache.catalina.core.StandardContextValve.invoke(StandardContextValve.java:97)
	at org.apache.catalina.authenticator.AuthenticatorBase.invoke(AuthenticatorBase.java:542)
	at org.apache.catalina.core.StandardHostValve.invoke(StandardHostValve.java:143)
	at org.apache.catalina.valves.ErrorReportValve.invoke(ErrorReportValve.java:92)
	at org.apache.catalina.valves.AbstractAccessLogValve.invoke(AbstractAccessLogValve.java:690)
	at org.apache.catalina.core.StandardEngineValve.invoke(StandardEngineValve.java:78)
	at org.apache.catalina.connector.CoyoteAdapter.service(CoyoteAdapter.java:343)
	at org.apache.coyote.http11.Http11Processor.service(Http11Processor.java:374)
	at org.apache.coyote.AbstractProcessorLight.process(AbstractProcessorLight.java:65)
	at org.apache.coyote.AbstractProtocol$ConnectionHandler.process(AbstractProtocol.java:888)
	at org.apache.tomcat.util.net.NioEndpoint$SocketProcessor.doRun(NioEndpoint.java:1597)
	at org.apache.tomcat.util.net.SocketProcessorBase.run(SocketProcessorBase.java:49)
	at java.util.concurrent.ThreadPoolExecutor.runWorker(ThreadPoolExecutor.java:1149)
	at java.util.concurrent.ThreadPoolExecutor$Worker.run(ThreadPoolExecutor.java:624)
	at org.apache.tomcat.util.threads.TaskThread$WrappingRunnable.run(TaskThread.java:61)
	at java.lang.Thread.run(Thread.java:748)
Caused by: java.lang.IllegalArgumentException: Can not set double field com.moroz.entity.User.discount to null value
	at sun.reflect.UnsafeFieldAccessorImpl.throwSetIllegalArgumentException(UnsafeFieldAccessorImpl.java:167)
	at sun.reflect.UnsafeFieldAccessorImpl.throwSetIllegalArgumentException(UnsafeFieldAccessorImpl.java:171)
	at sun.reflect.UnsafeDoubleFieldAccessorImpl.set(UnsafeDoubleFieldAccessorImpl.java:80)
	at java.lang.reflect.Field.set(Field.java:764)
	at org.hibernate.property.access.spi.SetterFieldImpl.set(SetterFieldImpl.java:52)
	... 95 more
2021-02-04 12:58:45 INFO  Version:44 - HHH000412: Hibernate ORM core version 5.4.27.Final
2021-02-04 12:58:46 INFO  Version:56 - HCANN000001: Hibernate Commons Annotations {5.1.2.Final}
2021-02-04 12:58:47 INFO  Dialect:175 - HHH000400: Using dialect: org.hibernate.dialect.MySQL8Dialect
2021-02-04 12:58:48 INFO  Version:21 - HV000001: Hibernate Validator 6.2.0.Final
2021-02-04 12:58:50 INFO  JtaPlatformInitiator:52 - HHH000490: Using JtaPlatform implementation: [org.hibernate.engine.transaction.jta.platform.internal.NoJtaPlatform]
2021-02-04 12:58:51 INFO  Dialect:175 - HHH000400: Using dialect: org.hibernate.dialect.MySQL8Dialect
2021-02-04 12:58:51 INFO  JtaPlatformInitiator:52 - HHH000490: Using JtaPlatform implementation: [org.hibernate.engine.transaction.jta.platform.internal.NoJtaPlatform]
2021-02-04 12:59:02 INFO  UserDao:65 - User successfully loaded by UserName. User details: User{userID=1, name='Sasha', login='ADMIN', password='$2a$10$WWKihQ9fvp3bAZboI4udce4PMP94eOPoidHg/g0zyHQfIcMGoh7Me', discount=5.0}
2021-02-04 13:12:48 INFO  Version:44 - HHH000412: Hibernate ORM core version 5.4.27.Final
2021-02-04 13:12:49 INFO  Version:56 - HCANN000001: Hibernate Commons Annotations {5.1.2.Final}
2021-02-04 13:12:50 INFO  Dialect:175 - HHH000400: Using dialect: org.hibernate.dialect.MySQL8Dialect
2021-02-04 13:12:51 INFO  Version:21 - HV000001: Hibernate Validator 6.2.0.Final
2021-02-04 13:12:53 INFO  JtaPlatformInitiator:52 - HHH000490: Using JtaPlatform implementation: [org.hibernate.engine.transaction.jta.platform.internal.NoJtaPlatform]
2021-02-04 13:12:54 INFO  Dialect:175 - HHH000400: Using dialect: org.hibernate.dialect.MySQL8Dialect
2021-02-04 13:12:55 INFO  JtaPlatformInitiator:52 - HHH000490: Using JtaPlatform implementation: [org.hibernate.engine.transaction.jta.platform.internal.NoJtaPlatform]
2021-02-04 13:13:10 INFO  UserDao:65 - User successfully loaded by UserName. User details: User{userID=1, name='Sasha', login='ADMIN', password='$2a$10$WWKihQ9fvp3bAZboI4udce4PMP94eOPoidHg/g0zyHQfIcMGoh7Me', discount=5.0}
2021-02-04 13:16:21 INFO  Version:44 - HHH000412: Hibernate ORM core version 5.4.27.Final
2021-02-04 13:16:22 INFO  Version:56 - HCANN000001: Hibernate Commons Annotations {5.1.2.Final}
2021-02-04 13:16:23 INFO  Dialect:175 - HHH000400: Using dialect: org.hibernate.dialect.MySQL8Dialect
2021-02-04 13:16:24 INFO  Version:21 - HV000001: Hibernate Validator 6.2.0.Final
2021-02-04 13:16:25 INFO  JtaPlatformInitiator:52 - HHH000490: Using JtaPlatform implementation: [org.hibernate.engine.transaction.jta.platform.internal.NoJtaPlatform]
2021-02-04 13:16:27 INFO  Dialect:175 - HHH000400: Using dialect: org.hibernate.dialect.MySQL8Dialect
2021-02-04 13:16:27 INFO  JtaPlatformInitiator:52 - HHH000490: Using JtaPlatform implementation: [org.hibernate.engine.transaction.jta.platform.internal.NoJtaPlatform]
2021-02-04 13:16:41 INFO  UserDao:65 - User successfully loaded by UserName. User details: User{userID=2, name='Sasha', login='USER', password='USER', discount=5.0}
2021-02-04 13:29:49 INFO  Version:44 - HHH000412: Hibernate ORM core version 5.4.27.Final
2021-02-04 13:29:50 INFO  Version:56 - HCANN000001: Hibernate Commons Annotations {5.1.2.Final}
2021-02-04 13:29:50 INFO  Dialect:175 - HHH000400: Using dialect: org.hibernate.dialect.MySQL8Dialect
2021-02-04 13:29:51 INFO  Version:21 - HV000001: Hibernate Validator 6.2.0.Final
2021-02-04 13:29:53 INFO  JtaPlatformInitiator:52 - HHH000490: Using JtaPlatform implementation: [org.hibernate.engine.transaction.jta.platform.internal.NoJtaPlatform]
2021-02-04 13:29:55 INFO  Dialect:175 - HHH000400: Using dialect: org.hibernate.dialect.MySQL8Dialect
2021-02-04 13:29:56 INFO  JtaPlatformInitiator:52 - HHH000490: Using JtaPlatform implementation: [org.hibernate.engine.transaction.jta.platform.internal.NoJtaPlatform]
2021-02-04 13:30:12 INFO  UserDao:65 - User successfully loaded by UserName. User details: User{userID=2, name='USER', login='USER', password='USER', discount=5.0}
2021-02-04 13:47:32 INFO  Version:44 - HHH000412: Hibernate ORM core version 5.4.27.Final
2021-02-04 13:47:32 INFO  Version:56 - HCANN000001: Hibernate Commons Annotations {5.1.2.Final}
2021-02-04 13:47:33 INFO  Dialect:175 - HHH000400: Using dialect: org.hibernate.dialect.MySQL8Dialect
2021-02-04 13:47:34 INFO  Version:21 - HV000001: Hibernate Validator 6.2.0.Final
2021-02-04 13:47:36 INFO  JtaPlatformInitiator:52 - HHH000490: Using JtaPlatform implementation: [org.hibernate.engine.transaction.jta.platform.internal.NoJtaPlatform]
2021-02-04 13:47:38 INFO  Dialect:175 - HHH000400: Using dialect: org.hibernate.dialect.MySQL8Dialect
2021-02-04 13:47:38 INFO  JtaPlatformInitiator:52 - HHH000490: Using JtaPlatform implementation: [org.hibernate.engine.transaction.jta.platform.internal.NoJtaPlatform]
2021-02-04 13:49:51 INFO  Version:44 - HHH000412: Hibernate ORM core version 5.4.27.Final
2021-02-04 13:49:52 INFO  Version:56 - HCANN000001: Hibernate Commons Annotations {5.1.2.Final}
2021-02-04 13:49:53 INFO  Dialect:175 - HHH000400: Using dialect: org.hibernate.dialect.MySQL8Dialect
2021-02-04 13:49:54 INFO  Version:21 - HV000001: Hibernate Validator 6.2.0.Final
2021-02-04 13:49:56 INFO  JtaPlatformInitiator:52 - HHH000490: Using JtaPlatform implementation: [org.hibernate.engine.transaction.jta.platform.internal.NoJtaPlatform]
2021-02-04 13:49:58 INFO  Dialect:175 - HHH000400: Using dialect: org.hibernate.dialect.MySQL8Dialect
2021-02-04 13:49:58 INFO  JtaPlatformInitiator:52 - HHH000490: Using JtaPlatform implementation: [org.hibernate.engine.transaction.jta.platform.internal.NoJtaPlatform]
2021-02-04 13:50:10 INFO  UserDao:65 - User successfully loaded by UserName. User details: User{userID=2, name='USER', login='USER', password='USER', discount=5.0}
2021-02-04 14:00:25 INFO  Version:44 - HHH000412: Hibernate ORM core version 5.4.27.Final
2021-02-04 14:00:26 INFO  Version:56 - HCANN000001: Hibernate Commons Annotations {5.1.2.Final}
2021-02-04 14:00:26 INFO  Dialect:175 - HHH000400: Using dialect: org.hibernate.dialect.MySQL8Dialect
2021-02-04 14:00:27 INFO  Version:21 - HV000001: Hibernate Validator 6.2.0.Final
2021-02-04 14:00:29 INFO  JtaPlatformInitiator:52 - HHH000490: Using JtaPlatform implementation: [org.hibernate.engine.transaction.jta.platform.internal.NoJtaPlatform]
2021-02-04 14:00:31 INFO  Dialect:175 - HHH000400: Using dialect: org.hibernate.dialect.MySQL8Dialect
2021-02-04 14:00:31 INFO  JtaPlatformInitiator:52 - HHH000490: Using JtaPlatform implementation: [org.hibernate.engine.transaction.jta.platform.internal.NoJtaPlatform]
2021-02-04 14:00:42 INFO  UserDao:65 - User successfully loaded by UserName. User details: User{userID=2, name='USER', login='USER', password='USER', discount=5.0}
2021-02-04 14:00:50 INFO  UserDao:65 - User successfully loaded by UserName. User details: User{userID=1, name='Sasha', login='ADMIN', password='$2a$10$WWKihQ9fvp3bAZboI4udce4PMP94eOPoidHg/g0zyHQfIcMGoh7Me', discount=5.0}
2021-02-04 14:03:17 INFO  Version:44 - HHH000412: Hibernate ORM core version 5.4.27.Final
2021-02-04 14:03:17 INFO  Version:56 - HCANN000001: Hibernate Commons Annotations {5.1.2.Final}
2021-02-04 14:03:18 INFO  Dialect:175 - HHH000400: Using dialect: org.hibernate.dialect.MySQL8Dialect
2021-02-04 14:03:19 INFO  Version:21 - HV000001: Hibernate Validator 6.2.0.Final
2021-02-04 14:03:21 INFO  JtaPlatformInitiator:52 - HHH000490: Using JtaPlatform implementation: [org.hibernate.engine.transaction.jta.platform.internal.NoJtaPlatform]
2021-02-04 14:04:29 INFO  Version:44 - HHH000412: Hibernate ORM core version 5.4.27.Final
2021-02-04 14:04:29 INFO  Version:56 - HCANN000001: Hibernate Commons Annotations {5.1.2.Final}
2021-02-04 14:04:30 INFO  Dialect:175 - HHH000400: Using dialect: org.hibernate.dialect.MySQL8Dialect
2021-02-04 14:04:31 INFO  Version:21 - HV000001: Hibernate Validator 6.2.0.Final
2021-02-04 14:04:33 INFO  JtaPlatformInitiator:52 - HHH000490: Using JtaPlatform implementation: [org.hibernate.engine.transaction.jta.platform.internal.NoJtaPlatform]
2021-02-04 14:04:34 INFO  Dialect:175 - HHH000400: Using dialect: org.hibernate.dialect.MySQL8Dialect
2021-02-04 14:04:34 INFO  JtaPlatformInitiator:52 - HHH000490: Using JtaPlatform implementation: [org.hibernate.engine.transaction.jta.platform.internal.NoJtaPlatform]
2021-02-04 14:04:46 INFO  UserDao:65 - User successfully loaded by UserName. User details: User{userID=1, name='Sasha', login='ADMIN', password='$2a$10$WWKihQ9fvp3bAZboI4udce4PMP94eOPoidHg/g0zyHQfIcMGoh7Me', discount=5.0}
2021-02-04 14:05:33 INFO  Version:44 - HHH000412: Hibernate ORM core version 5.4.27.Final
2021-02-04 14:05:33 INFO  Version:56 - HCANN000001: Hibernate Commons Annotations {5.1.2.Final}
2021-02-04 14:05:34 INFO  Dialect:175 - HHH000400: Using dialect: org.hibernate.dialect.MySQL8Dialect
2021-02-04 14:05:35 INFO  Version:21 - HV000001: Hibernate Validator 6.2.0.Final
2021-02-04 14:05:37 INFO  JtaPlatformInitiator:52 - HHH000490: Using JtaPlatform implementation: [org.hibernate.engine.transaction.jta.platform.internal.NoJtaPlatform]
2021-02-04 14:05:38 INFO  Dialect:175 - HHH000400: Using dialect: org.hibernate.dialect.MySQL8Dialect
2021-02-04 14:05:39 INFO  JtaPlatformInitiator:52 - HHH000490: Using JtaPlatform implementation: [org.hibernate.engine.transaction.jta.platform.internal.NoJtaPlatform]
2021-02-04 14:05:49 INFO  UserDao:65 - User successfully loaded by UserName. User details: User{userID=1, name='Sasha', login='ADMIN', password='$2a$10$WWKihQ9fvp3bAZboI4udce4PMP94eOPoidHg/g0zyHQfIcMGoh7Me', discount=5.0}
